Gtk-Message: 21:28:58.343: Failed to load module "appmenu-gtk-module": 'gtk_module_display_init': /usr/lib/x86_64-linux-gnu/gtk-3.0/modules/libcolorreload-gtk-module.so: undefined symbol: gtk_module_display_init
Spawning overlay...
Spawning worker...
Hotkey Listener Started: <ctrl>+<shift>+<space>
--- STT Daemon (AppIndicator) ---
Hotkey Listener Started: <ctrl>+<shift>+<space>
--- STT Daemon (AppIndicator) ---
[WORKER] 21:28:58 - [WORKER] Initial Memory Usage: 58.59 MB
[WORKER] 21:28:58 - [WORKER] Model timeout config: 0
[WORKER] 21:28:58 - [WORKER] On-demand/Hybrid mode: Model will be loaded upon recording.
[WORKER] [STATUS] READY
[WORKER] 21:28:58 - [WORKER] Interactive Loop Started
Opening GUI...
/home/heppo/ai_tools/speech_to_text/gui.py:235: DeprecationWarning: app() is deprecated since version 0.70.0. Use run() instead.
  ft.app(target=main)
Gtk-Message: 21:29:16.230: Failed to load module "appmenu-gtk-module": 'gtk_module_display_init': /usr/lib/x86_64-linux-gnu/gtk-3.0/modules/libcolorreload-gtk-module.so: undefined symbol: gtk_module_display_init
package:media_kit_libs_linux registered.
/home/heppo/ai_tools/speech_to_text/gui.py:162: DeprecationWarning: ElevatedButton is deprecated since version 0.70.0 and will be removed in version 1.0. Use Button instead.
  btn_save = ft.ElevatedButton(t("btn_save"), on_click=save_settings, icon="save")
/home/heppo/ai_tools/speech_to_text/gui.py:200: DeprecationWarning: ElevatedButton is deprecated since version 0.70.0 and will be removed in version 1.0. Use Button instead.
  btn_convert = ft.ElevatedButton(t("btn_convert"), on_click=run_converter, icon="download")
